!SESSION 2024-06-15 12:40:11.670 -----------------------------------------------
eclipse.buildId=4.32.0.20240606-1231
java.version=21.0.3
java.vendor=Eclipse Adoptium
BootLoader constants: OS=win32, ARCH=x86_64, WS=win32, NL=pt_PT
Framework arguments:  -product org.eclipse.epp.package.jee.product
Command-line arguments:  -os win32 -ws win32 -arch x86_64 -product org.eclipse.epp.package.jee.product

!ENTRY ch.qos.logback.classic 1 0 2024-06-15 12:40:17.106
!MESSAGE Activated before the state location was initialized. Retry after the state location is initialized.

!ENTRY ch.qos.logback.classic 1 0 2024-06-15 12:54:13.963
!MESSAGE Logback config file: C:\Users\migue\OneDrive\Code\eclipse-workspace\.metadata\.plugins\org.eclipse.m2e.logback\logback.2.6.1.20240411-1122.xml

!ENTRY org.eclipse.egit.ui 2 0 2024-06-15 12:54:24.111
!MESSAGE Warning: The environment variable HOME is not set. The following directory will be used to store the Git
user global configuration and to define the default location to store repositories: 'C:\Users\migue'. If this is
not correct please set the HOME environment variable and restart Eclipse. Otherwise Git for Windows and
EGit might behave differently since they see different configuration options.
This warning can be switched off on the Team > Git > Confirmations and Warnings preference page.
!SESSION 2024-06-15 14:28:13.829 -----------------------------------------------
eclipse.buildId=4.32.0.20240606-1231
java.version=21.0.3
java.vendor=Eclipse Adoptium
BootLoader constants: OS=win32, ARCH=x86_64, WS=win32, NL=pt_PT
Framework arguments:  -product org.eclipse.epp.package.jee.product
Command-line arguments:  -os win32 -ws win32 -arch x86_64 -product org.eclipse.epp.package.jee.product

!ENTRY ch.qos.logback.classic 1 0 2024-06-15 14:28:18.280
!MESSAGE Activated before the state location was initialized. Retry after the state location is initialized.

!ENTRY ch.qos.logback.classic 1 0 2024-06-15 14:28:26.038
!MESSAGE Logback config file: C:\Users\migue\OneDrive\Code\eclipse-workspace\.metadata\.plugins\org.eclipse.m2e.logback\logback.2.6.1.20240411-1122.xml

!ENTRY org.eclipse.egit.ui 2 0 2024-06-15 14:28:34.587
!MESSAGE Warning: The environment variable HOME is not set. The following directory will be used to store the Git
user global configuration and to define the default location to store repositories: 'C:\Users\migue'. If this is
not correct please set the HOME environment variable and restart Eclipse. Otherwise Git for Windows and
EGit might behave differently since they see different configuration options.
This warning can be switched off on the Team > Git > Confirmations and Warnings preference page.
!SESSION 2024-06-15 14:29:45.097 -----------------------------------------------
eclipse.buildId=4.32.0.20240606-1231
java.version=21.0.3
java.vendor=Eclipse Adoptium
BootLoader constants: OS=win32, ARCH=x86_64, WS=win32, NL=pt_PT
Framework arguments:  -product org.eclipse.epp.package.jee.product
Command-line arguments:  -os win32 -ws win32 -arch x86_64 -product org.eclipse.epp.package.jee.product

!ENTRY ch.qos.logback.classic 1 0 2024-06-15 14:29:50.342
!MESSAGE Activated before the state location was initialized. Retry after the state location is initialized.

!ENTRY ch.qos.logback.classic 1 0 2024-06-15 14:30:11.861
!MESSAGE Logback config file: C:\Users\migue\OneDrive\Code\eclipse-workspace\.metadata\.plugins\org.eclipse.m2e.logback\logback.2.6.1.20240411-1122.xml

!ENTRY org.eclipse.egit.ui 2 0 2024-06-15 14:30:20.372
!MESSAGE Warning: The environment variable HOME is not set. The following directory will be used to store the Git
user global configuration and to define the default location to store repositories: 'C:\Users\migue'. If this is
not correct please set the HOME environment variable and restart Eclipse. Otherwise Git for Windows and
EGit might behave differently since they see different configuration options.
This warning can be switched off on the Team > Git > Confirmations and Warnings preference page.
!SESSION 2024-06-15 15:09:13.024 -----------------------------------------------
eclipse.buildId=4.32.0.20240606-1231
java.version=21.0.3
java.vendor=Eclipse Adoptium
BootLoader constants: OS=win32, ARCH=x86_64, WS=win32, NL=pt_PT
Framework arguments:  -product org.eclipse.epp.package.jee.product
Command-line arguments:  -os win32 -ws win32 -arch x86_64 -product org.eclipse.epp.package.jee.product

!ENTRY ch.qos.logback.classic 1 0 2024-06-15 15:09:16.403
!MESSAGE Activated before the state location was initialized. Retry after the state location is initialized.

!ENTRY ch.qos.logback.classic 1 0 2024-06-15 15:09:20.367
!MESSAGE Logback config file: C:\Users\migue\OneDrive\Code\eclipse-workspace\.metadata\.plugins\org.eclipse.m2e.logback\logback.2.6.1.20240411-1122.xml

!ENTRY org.eclipse.egit.ui 2 0 2024-06-15 15:09:28.597
!MESSAGE Warning: The environment variable HOME is not set. The following directory will be used to store the Git
user global configuration and to define the default location to store repositories: 'C:\Users\migue'. If this is
not correct please set the HOME environment variable and restart Eclipse. Otherwise Git for Windows and
EGit might behave differently since they see different configuration options.
This warning can be switched off on the Team > Git > Confirmations and Warnings preference page.

!ENTRY org.eclipse.wildwebdeveloper.xml 2 0 2024-06-15 17:23:31.578
!MESSAGE The given URI https://jakarta.ee/xml/ns/jakartaee/application-client_9.xsd from org.eclipse.jst.standard.schemas could not be resolved for local access

!ENTRY org.eclipse.wildwebdeveloper.xml 2 0 2024-06-15 17:23:31.581
!MESSAGE The given URI https://jakarta.ee/xml/ns/jakartaee/jobXML_2_0.xsd from org.eclipse.jst.standard.schemas could not be resolved for local access

!ENTRY org.eclipse.wildwebdeveloper.xml 2 0 2024-06-15 17:23:31.583
!MESSAGE The given URI https://jakarta.ee/xml/ns/jakartaee/beans_3_0.xsd from org.eclipse.jst.standard.schemas could not be resolved for local access

!ENTRY org.eclipse.wildwebdeveloper.xml 2 0 2024-06-15 17:23:31.585
!MESSAGE The given URI https://jakarta.ee/xml/ns/jaxb/bindingschema_3_0.xsd from org.eclipse.jst.standard.schemas could not be resolved for local access

!ENTRY org.eclipse.wildwebdeveloper.xml 2 0 2024-06-15 17:23:31.596
!MESSAGE The given URI https://jakarta.ee/xml/ns/validation/validation-configuration-3.0.xsd from org.eclipse.jst.standard.schemas could not be resolved for local access

!ENTRY org.eclipse.wildwebdeveloper.xml 2 0 2024-06-15 17:23:31.601
!MESSAGE The given URI http://xmlns.jcp.org/xml/ns/javaee/web-facesconfig_2_1.xsd from org.eclipse.jst.standard.schemas could not be resolved for local access

!ENTRY org.eclipse.core.jobs 4 2 2024-06-16 18:23:13.514
!MESSAGE An internal error occurred during: "Periodic workspace save.".
!STACK 0
java.lang.NumberFormatException: Cannot parse null string
	at java.base/java.lang.Integer.parseInt(Integer.java:624)
	at java.base/java.lang.Integer.parseInt(Integer.java:778)
	at org.eclipse.core.internal.resources.SaveManager.validateMasterTableBeforeSave(SaveManager.java:1647)
	at org.eclipse.core.internal.resources.SaveManager.saveMasterTable(SaveManager.java:1330)
	at org.eclipse.core.internal.resources.SaveManager.saveMasterTable(SaveManager.java:1321)
	at org.eclipse.core.internal.resources.SaveManager.save(SaveManager.java:1294)
	at org.eclipse.core.internal.resources.SaveManager.save(SaveManager.java:1205)
	at org.eclipse.core.internal.resources.DelayedSnapshotJob.run(DelayedSnapshotJob.java:51)
	at org.eclipse.core.internal.jobs.Worker.run(Worker.java:63)

!ENTRY org.eclipse.core.jobs 4 2 2024-06-16 18:24:12.471
!MESSAGE An internal error occurred during: "Periodic workspace save.".
!STACK 0
java.lang.NumberFormatException: Cannot parse null string
	at java.base/java.lang.Integer.parseInt(Integer.java:624)
	at java.base/java.lang.Integer.parseInt(Integer.java:778)
	at org.eclipse.core.internal.resources.SaveManager.validateMasterTableBeforeSave(SaveManager.java:1647)
	at org.eclipse.core.internal.resources.SaveManager.saveMasterTable(SaveManager.java:1330)
	at org.eclipse.core.internal.resources.SaveManager.saveMasterTable(SaveManager.java:1321)
	at org.eclipse.core.internal.resources.SaveManager.save(SaveManager.java:1294)
	at org.eclipse.core.internal.resources.SaveManager.save(SaveManager.java:1205)
	at org.eclipse.core.internal.resources.DelayedSnapshotJob.run(DelayedSnapshotJob.java:51)
	at org.eclipse.core.internal.jobs.Worker.run(Worker.java:63)
